<?xml version="1.0" encoding="UTF-8"?>
<!-- Generated by org.testng.reporters.JUnitXMLReporter -->
<testsuite ignored="0" hostname="USA-MAC-NIS1682.local" failures="1" tests="3" name="Surefire test" time="11.702" errors="0" timestamp="2022-03-24T11:51:04 PDT">
  <testcase classname="Tests.TestValidateText" name="validateText" time="0.029"/>
  <testcase classname="Tests.TestValidateText" name="validateForgotPasswordText" time="0.024">
    <failure type="java.lang.AssertionError" message="expected [Forgot your password?] but found [Forgot your password]">
      <![CDATA[java.lang.AssertionError: expected [Forgot your password?] but found [Forgot your password]
at Tests.TestValidateText.validateForgotPasswordText(TestValidateText.java:43)
at java.base/java.util.ArrayList.forEach(ArrayList.java:1511)
... Removed 38 stack frames]]>
    </failure>
  </testcase> <!-- validateForgotPasswordText -->
  <testcase classname="Tests.TestLogin" name="testLogin" time="6.192"/>
</testsuite> <!-- Surefire test -->
